==566== Memcheck, a memory error detector
==566== Copyright (C) 2002-2022, and GNU GPL'd, by Julian Seward et al.
==566== Using Valgrind-3.22.0-bd4db67b1d-20231031 and LibVEX; rerun with -h for copyright info
==566== Command: ./e
==566== Parent PID: 565
==566== 
--566-- 
--566-- Valgrind options:
--566--    --tool=memcheck
--566--    --leak-check=full
--566--    --show-leak-kinds=all
--566--    --track-origins=yes
--566--    --verbose
--566--    --log-file=valgrind.log
--566-- Contents of /proc/version:
--566--   Linux version 5.15.167.4-microsoft-standard-WSL2 (root@f9c826d3017f) (gcc (GCC) 11.2.0, GNU ld (GNU Binutils) 2.37) #1 SMP Tue Nov 5 00:21:55 UTC 2024
--566-- 
--566-- Arch and hwcaps: AMD64, LittleEndian, amd64-cx16-lzcnt-rdtscp-sse3-ssse3-avx-avx2-bmi-f16c-rdrand-rdseed
--566-- Page sizes: currently 4096, max supported 4096
--566-- Valgrind library directory: /usr/libexec/valgrind
--566-- Reading syms from /home/letha/holbertonschool-low_level_programming/structures_typedef/e
--566-- Reading syms from /usr/lib/x86_64-linux-gnu/ld-linux-x86-64.so.2
--566--   Considering /usr/lib/debug/.build-id/1c/8db5f83bba514f8fd5f1fb6d7be975be1bb855.debug ..
--566--   .. build-id is valid
--566-- Reading syms from /usr/libexec/valgrind/memcheck-amd64-linux
--566--    object doesn't have a dynamic symbol table
--566-- Scheduler: using generic scheduler lock implementation.
--566-- Reading suppressions file: /usr/libexec/valgrind/default.supp
==566== embedded gdbserver: reading from /tmp/vgdb-pipe-from-vgdb-to-566-by-root-on-???
==566== embedded gdbserver: writing to   /tmp/vgdb-pipe-to-vgdb-from-566-by-root-on-???
==566== embedded gdbserver: shared mem   /tmp/vgdb-pipe-shared-mem-vgdb-566-by-root-on-???
==566== 
==566== TO CONTROL THIS PROCESS USING vgdb (which you probably
==566== don't want to do, unless you know exactly what you're doing,
==566== or are doing some strange experiment):
==566==   /usr/bin/vgdb --pid=566 ...command...
==566== 
==566== TO DEBUG THIS PROCESS USING GDB: start GDB like this
==566==   /path/to/gdb ./e
==566== and then give GDB the following command
==566==   target remote | /usr/bin/vgdb --pid=566
==566== --pid is optional if only one valgrind process is running
==566== 
--566-- REDIR: 0x4028b00 (ld-linux-x86-64.so.2:strlen) redirected to 0x580c2e1a (???)
--566-- REDIR: 0x40272b0 (ld-linux-x86-64.so.2:index) redirected to 0x580c2e34 (???)
--566-- Reading syms from /usr/libexec/valgrind/vgpreload_core-amd64-linux.so
--566-- Reading syms from /usr/libexec/valgrind/vgpreload_memcheck-amd64-linux.so
==566== WARNING: new redirection conflicts with existing -- ignoring it
--566--     old: 0x04028b00 (strlen              ) R-> (0000.0) 0x580c2e1a ???
--566--     new: 0x04028b00 (strlen              ) R-> (2007.0) 0x0484f340 strlen
--566-- REDIR: 0x40274e0 (ld-linux-x86-64.so.2:strcmp) redirected to 0x4850460 (strcmp)
--566-- REDIR: 0x4026910 (ld-linux-x86-64.so.2:mempcpy) redirected to 0x4853cd0 (mempcpy)
--566-- Reading syms from /usr/lib/x86_64-linux-gnu/libc.so.6
--566--   Considering /usr/lib/debug/.build-id/42/c84c92e6f98126b3e2230ebfdead22c235b667.debug ..
--566--   .. build-id is valid
--566-- REDIR: 0x4028ca0 (ld-linux-x86-64.so.2:strncmp) redirected to 0x484fc90 (strncmp)
--566-- REDIR: 0x4914050 (libc.so.6:strnlen) redirected to 0x483d1c0 (_vgnU_ifunc_wrapper)
--566-- REDIR: 0x49140e0 (libc.so.6:strpbrk) redirected to 0x483d1c0 (_vgnU_ifunc_wrapper)
--566-- REDIR: 0x49121a0 (libc.so.6:strcmp) redirected to 0x483d1c0 (_vgnU_ifunc_wrapper)
--566-- REDIR: 0x492b3b0 (libc.so.6:wcsnlen) redirected to 0x483d1c0 (_vgnU_ifunc_wrapper)
--566-- REDIR: 0x4911290 (libc.so.6:memset) redirected to 0x483d1c0 (_vgnU_ifunc_wrapper)
--566-- REDIR: 0x492ab20 (libc.so.6:wcslen) redirected to 0x483d1c0 (_vgnU_ifunc_wrapper)
--566-- REDIR: 0x49963c0 (libc.so.6:__memcpy_chk) redirected to 0x483d1c0 (_vgnU_ifunc_wrapper)
--566-- REDIR: 0x4911200 (libc.so.6:memrchr) redirected to 0x483d1c0 (_vgnU_ifunc_wrapper)
--566-- REDIR: 0x492b350 (libc.so.6:wcsncpy) redirected to 0x483d1c0 (_vgnU_ifunc_wrapper)
--566-- REDIR: 0x4910720 (libc.so.6:memcpy@@GLIBC_2.14) redirected to 0x483d1c0 (_vgnU_ifunc_wrapper)
--566-- REDIR: 0x49298e0 (libc.so.6:wcschr) redirected to 0x483d1c0 (_vgnU_ifunc_wrapper)
--566-- REDIR: 0x4912090 (libc.so.6:index) redirected to 0x483d1c0 (_vgnU_ifunc_wrapper)
--566-- REDIR: 0x4914110 (libc.so.6:rindex) redirected to 0x483d1c0 (_vgnU_ifunc_wrapper)
--566-- REDIR: 0x4929990 (libc.so.6:wcscmp) redirected to 0x483d1c0 (_vgnU_ifunc_wrapper)
--566-- REDIR: 0x49114b0 (libc.so.6:stpncpy) redirected to 0x483d1c0 (_vgnU_ifunc_wrapper)
--566-- REDIR: 0x4937eb0 (libc.so.6:wmemchr) redirected to 0x483d1c0 (_vgnU_ifunc_wrapper)
--566-- REDIR: 0x4913ef0 (libc.so.6:strncmp) redirected to 0x483d1c0 (_vgnU_ifunc_wrapper)
--566-- REDIR: 0x4911510 (libc.so.6:strcasecmp) redirected to 0x483d1c0 (_vgnU_ifunc_wrapper)
--566-- REDIR: 0x4913310 (libc.so.6:strcspn) redirected to 0x483d1c0 (_vgnU_ifunc_wrapper)
--566-- REDIR: 0x492a8f0 (libc.so.6:wcscpy) redirected to 0x483d1c0 (_vgnU_ifunc_wrapper)
--566-- REDIR: 0x4912020 (libc.so.6:strcat) redirected to 0x483d1c0 (_vgnU_ifunc_wrapper)
--566-- REDIR: 0x4913df0 (libc.so.6:strncasecmp_l) redirected to 0x483d1c0 (_vgnU_ifunc_wrapper)
--566-- REDIR: 0x4912110 (libc.so.6:strchrnul) redirected to 0x483d1c0 (_vgnU_ifunc_wrapper)
--566-- REDIR: 0x4910630 (libc.so.6:bcmp) redirected to 0x483d1c0 (_vgnU_ifunc_wrapper)
--566-- REDIR: 0x49132a0 (libc.so.6:strcpy) redirected to 0x483d1c0 (_vgnU_ifunc_wrapper)
--566-- REDIR: 0x49115b0 (libc.so.6:strcasecmp_l) redirected to 0x483d1c0 (_vgnU_ifunc_wrapper)
--566-- REDIR: 0x4913cc0 (libc.so.6:strlen) redirected to 0x483d1c0 (_vgnU_ifunc_wrapper)
--566-- REDIR: 0x4913f90 (libc.so.6:strncpy) redirected to 0x483d1c0 (_vgnU_ifunc_wrapper)
--566-- REDIR: 0x4937f30 (libc.so.6:wmemcmp) redirected to 0x483d1c0 (_vgnU_ifunc_wrapper)
--566-- REDIR: 0x49964e0 (libc.so.6:__memmove_chk) redirected to 0x483d1c0 (_vgnU_ifunc_wrapper)
==566== WARNING: new redirection conflicts with existing -- ignoring it
--566--     old: 0x049e79d0 (__memcpy_chk_avx_una) R-> (2030.0) 0x04853dd0 __memcpy_chk
--566--     new: 0x049e79d0 (__memcpy_chk_avx_una) R-> (2024.0) 0x04853740 __memmove_chk
--566-- REDIR: 0x4911440 (libc.so.6:stpcpy) redirected to 0x483d1c0 (_vgnU_ifunc_wrapper)
--566-- REDIR: 0x4910fc0 (libc.so.6:memmove) redirected to 0x483d1c0 (_vgnU_ifunc_wrapper)
==566== Preferring higher priority redirection:
--566--     old: 0x049e7a00 (__memcpy_avx_unalign) R-> (2018.0) 0x04851580 __memcpy_avx_unaligned_erms
--566--     new: 0x049e7a00 (__memcpy_avx_unalign) R-> (2018.1) 0x04852d60 memmove
--566-- REDIR: 0x49105b0 (libc.so.6:memchr) redirected to 0x483d1c0 (_vgnU_ifunc_wrapper)
--566-- REDIR: 0x49142e0 (libc.so.6:strspn) redirected to 0x483d1c0 (_vgnU_ifunc_wrapper)
--566-- REDIR: 0x49110e0 (libc.so.6:mempcpy) redirected to 0x483d1c0 (_vgnU_ifunc_wrapper)
--566-- REDIR: 0x4913d50 (libc.so.6:strncasecmp) redirected to 0x483d1c0 (_vgnU_ifunc_wrapper)
--566-- REDIR: 0x49ec5f0 (libc.so.6:__strrchr_avx2) redirected to 0x484ed20 (rindex)
--566-- REDIR: 0x490c650 (libc.so.6:malloc) redirected to 0x48467b0 (malloc)
==566== Invalid write of size 1
==566==    at 0x1092D7: new_dog (in /home/letha/holbertonschool-low_level_programming/structures_typedef/e)
==566==    by 0x1091B7: main (in /home/letha/holbertonschool-low_level_programming/structures_typedef/e)
==566==  Address 0x4a741e5 is 0 bytes after a block of size 5 alloc'd
==566==    at 0x4846828: malloc (in /usr/libexec/valgrind/vgpreload_memcheck-amd64-linux.so)
==566==    by 0x10924C: new_dog (in /home/letha/holbertonschool-low_level_programming/structures_typedef/e)
==566==    by 0x1091B7: main (in /home/letha/holbertonschool-low_level_programming/structures_typedef/e)
==566== 
==566== Invalid write of size 1
==566==    at 0x10939B: new_dog (in /home/letha/holbertonschool-low_level_programming/structures_typedef/e)
==566==    by 0x1091B7: main (in /home/letha/holbertonschool-low_level_programming/structures_typedef/e)
==566==  Address 0x4a742d3 is 0 bytes after a block of size 3 alloc'd
==566==    at 0x4846828: malloc (in /usr/libexec/valgrind/vgpreload_memcheck-amd64-linux.so)
==566==    by 0x109300: new_dog (in /home/letha/holbertonschool-low_level_programming/structures_typedef/e)
==566==    by 0x1091B7: main (in /home/letha/holbertonschool-low_level_programming/structures_typedef/e)
==566== 
--566-- REDIR: 0x49e9da0 (libc.so.6:__strchrnul_avx2) redirected to 0x48537b0 (strchrnul)
--566-- REDIR: 0x49e7a00 (libc.so.6:__memcpy_avx_unaligned_erms) redirected to 0x4852d60 (memmove)
--566-- REDIR: 0x49ea740 (libc.so.6:__strlen_avx2) redirected to 0x484f220 (strlen)
==566== Invalid read of size 1
==566==    at 0x484F234: strlen (in /usr/libexec/valgrind/vgpreload_memcheck-amd64-linux.so)
==566==    by 0x48C9DA7: __printf_buffer (vfprintf-process-arg.c:435)
==566==    by 0x48CA73A: __vfprintf_internal (vfprintf-internal.c:1544)
==566==    by 0x48BF1B2: printf (printf.c:33)
==566==    by 0x1091F4: main (in /home/letha/holbertonschool-low_level_programming/structures_typedef/e)
==566==  Address 0x4a741e5 is 0 bytes after a block of size 5 alloc'd
==566==    at 0x4846828: malloc (in /usr/libexec/valgrind/vgpreload_memcheck-amd64-linux.so)
==566==    by 0x10924C: new_dog (in /home/letha/holbertonschool-low_level_programming/structures_typedef/e)
==566==    by 0x1091B7: main (in /home/letha/holbertonschool-low_level_programming/structures_typedef/e)
==566== 
--566-- REDIR: 0x490cd30 (libc.so.6:free) redirected to 0x4849820 (free)
==566== 
==566== HEAP SUMMARY:
==566==     in use at exit: 45 bytes in 9 blocks
==566==   total heap usage: 10 allocs, 1 frees, 1,069 bytes allocated
==566== 
==566== Searching for pointers to 9 not-freed blocks
==566== Checked 105,792 bytes
==566== 
==566== 3 bytes in 1 blocks are indirectly lost in loss record 1 of 5
==566==    at 0x4846828: malloc (in /usr/libexec/valgrind/vgpreload_memcheck-amd64-linux.so)
==566==    by 0x109300: new_dog (in /home/letha/holbertonschool-low_level_programming/structures_typedef/e)
==566==    by 0x1091B7: main (in /home/letha/holbertonschool-low_level_programming/structures_typedef/e)
==566== 
==566== 3 bytes in 2 blocks are definitely lost in loss record 2 of 5
==566==    at 0x4846828: malloc (in /usr/libexec/valgrind/vgpreload_memcheck-amd64-linux.so)
==566==    by 0x109300: new_dog (in /home/letha/holbertonschool-low_level_programming/structures_typedef/e)
==566==    by 0x1091B7: main (in /home/letha/holbertonschool-low_level_programming/structures_typedef/e)
==566== 
==566== 5 bytes in 1 blocks are indirectly lost in loss record 3 of 5
==566==    at 0x4846828: malloc (in /usr/libexec/valgrind/vgpreload_memcheck-amd64-linux.so)
==566==    by 0x10924C: new_dog (in /home/letha/holbertonschool-low_level_programming/structures_typedef/e)
==566==    by 0x1091B7: main (in /home/letha/holbertonschool-low_level_programming/structures_typedef/e)
==566== 
==566== 10 bytes in 4 blocks are definitely lost in loss record 4 of 5
==566==    at 0x4846828: malloc (in /usr/libexec/valgrind/vgpreload_memcheck-amd64-linux.so)
==566==    by 0x10924C: new_dog (in /home/letha/holbertonschool-low_level_programming/structures_typedef/e)
==566==    by 0x1091B7: main (in /home/letha/holbertonschool-low_level_programming/structures_typedef/e)
==566== 
==566== 32 (24 direct, 8 indirect) bytes in 1 blocks are definitely lost in loss record 5 of 5
==566==    at 0x4846828: malloc (in /usr/libexec/valgrind/vgpreload_memcheck-amd64-linux.so)
==566==    by 0x10921E: new_dog (in /home/letha/holbertonschool-low_level_programming/structures_typedef/e)
==566==    by 0x1091B7: main (in /home/letha/holbertonschool-low_level_programming/structures_typedef/e)
==566== 
==566== LEAK SUMMARY:
==566==    definitely lost: 37 bytes in 7 blocks
==566==    indirectly lost: 8 bytes in 2 blocks
==566==      possibly lost: 0 bytes in 0 blocks
==566==    still reachable: 0 bytes in 0 blocks
==566==         suppressed: 0 bytes in 0 blocks
==566== 
==566== ERROR SUMMARY: 6 errors from 6 contexts (suppressed: 0 from 0)
==566== 
==566== 1 errors in context 1 of 6:
==566== Invalid read of size 1
==566==    at 0x484F234: strlen (in /usr/libexec/valgrind/vgpreload_memcheck-amd64-linux.so)
==566==    by 0x48C9DA7: __printf_buffer (vfprintf-process-arg.c:435)
==566==    by 0x48CA73A: __vfprintf_internal (vfprintf-internal.c:1544)
==566==    by 0x48BF1B2: printf (printf.c:33)
==566==    by 0x1091F4: main (in /home/letha/holbertonschool-low_level_programming/structures_typedef/e)
==566==  Address 0x4a741e5 is 0 bytes after a block of size 5 alloc'd
==566==    at 0x4846828: malloc (in /usr/libexec/valgrind/vgpreload_memcheck-amd64-linux.so)
==566==    by 0x10924C: new_dog (in /home/letha/holbertonschool-low_level_programming/structures_typedef/e)
==566==    by 0x1091B7: main (in /home/letha/holbertonschool-low_level_programming/structures_typedef/e)
==566== 
==566== 
==566== 1 errors in context 2 of 6:
==566== Invalid write of size 1
==566==    at 0x10939B: new_dog (in /home/letha/holbertonschool-low_level_programming/structures_typedef/e)
==566==    by 0x1091B7: main (in /home/letha/holbertonschool-low_level_programming/structures_typedef/e)
==566==  Address 0x4a742d3 is 0 bytes after a block of size 3 alloc'd
==566==    at 0x4846828: malloc (in /usr/libexec/valgrind/vgpreload_memcheck-amd64-linux.so)
==566==    by 0x109300: new_dog (in /home/letha/holbertonschool-low_level_programming/structures_typedef/e)
==566==    by 0x1091B7: main (in /home/letha/holbertonschool-low_level_programming/structures_typedef/e)
==566== 
==566== 
==566== 1 errors in context 3 of 6:
==566== Invalid write of size 1
==566==    at 0x1092D7: new_dog (in /home/letha/holbertonschool-low_level_programming/structures_typedef/e)
==566==    by 0x1091B7: main (in /home/letha/holbertonschool-low_level_programming/structures_typedef/e)
==566==  Address 0x4a741e5 is 0 bytes after a block of size 5 alloc'd
==566==    at 0x4846828: malloc (in /usr/libexec/valgrind/vgpreload_memcheck-amd64-linux.so)
==566==    by 0x10924C: new_dog (in /home/letha/holbertonschool-low_level_programming/structures_typedef/e)
==566==    by 0x1091B7: main (in /home/letha/holbertonschool-low_level_programming/structures_typedef/e)
==566== 
==566== ERROR SUMMARY: 6 errors from 6 contexts (suppressed: 0 from 0)
